d:\artengine\x64\debug\vc142.pdb
d:\artengine\x64\debug\vc142.idb
d:\artengine\x64\debug\main.obj
d:\artengine\x64\debug\debug.obj
d:\artengine\x64\debug\player.obj
d:\artengine\x64\debug\input.obj
d:\artengine\x64\debug\pong.obj
d:\artengine\x64\debug\skeleton.obj
d:\artengine\x64\debug\entity.obj
d:\artengine\x64\debug\artengine.exe
d:\artengine\x64\debug\artengine.ilk
d:\artengine\x64\debug\artengine.pdb
d:\artengine\x64\debug\resource.res
d:\artengine\x64\debug\debug.obj.enc
d:\artengine\x64\debug\entity.obj.enc
d:\artengine\x64\debug\main.obj.enc
d:\artengine\x64\debug\artengine.tlog\cl.command.1.tlog
d:\artengine\x64\debug\artengine.tlog\cl.read.1.tlog
d:\artengine\x64\debug\artengine.tlog\cl.write.1.tlog
d:\artengine\x64\debug\artengine.tlog\link.command.1.tlog
d:\artengine\x64\debug\artengine.tlog\link.read.1.tlog
d:\artengine\x64\debug\artengine.tlog\link.write.1.tlog
d:\artengine\x64\debug\artengine.tlog\rc.command.1.tlog
d:\artengine\x64\debug\artengine.tlog\rc.read.1.tlog
d:\artengine\x64\debug\artengine.tlog\rc.write.1.tlog
